2016/08/11 15:18:54 INFO  - jmeter.util.JMeterUtils: Setting Locale to en_US 
2016/08/11 15:18:54 INFO  - jmeter.JMeter: Loading user properties from: C:\D\Mycode\Jmeter_DataDriven_Framework\bin\user.properties 
2016/08/11 15:18:54 INFO  - jmeter.JMeter: Loading system properties from: C:\D\Mycode\Jmeter_DataDriven_Framework\bin\system.properties 
2016/08/11 15:18:54 INFO  - jmeter.JMeter: Copyright (c) 1998-2016 The Apache Software Foundation 
2016/08/11 15:18:54 INFO  - jmeter.JMeter: Version 3.0 r1743807 
2016/08/11 15:18:54 INFO  - jmeter.JMeter: java.version=1.7.0_71 
2016/08/11 15:18:54 INFO  - jmeter.JMeter: java.vm.name=Java HotSpot(TM) Client VM 
2016/08/11 15:18:54 INFO  - jmeter.JMeter: os.name=Windows 7 
2016/08/11 15:18:54 INFO  - jmeter.JMeter: os.arch=x86 
2016/08/11 15:18:54 INFO  - jmeter.JMeter: os.version=6.1 
2016/08/11 15:18:54 INFO  - jmeter.JMeter: file.encoding=Cp1252 
2016/08/11 15:18:54 INFO  - jmeter.JMeter: Max memory     =259522560 
2016/08/11 15:18:54 INFO  - jmeter.JMeter: Available Processors =4 
2016/08/11 15:18:54 INFO  - jmeter.JMeter: Default Locale=English (United States) 
2016/08/11 15:18:54 INFO  - jmeter.JMeter: JMeter  Locale=English (United States) 
2016/08/11 15:18:54 INFO  - jmeter.JMeter: JMeterHome=C:\D\Mycode\Jmeter_DataDriven_Framework 
2016/08/11 15:18:54 INFO  - jmeter.JMeter: user.dir  =C:\D\Mycode\Jmeter_DataDriven_Framework\bin 
2016/08/11 15:18:54 INFO  - jmeter.JMeter: PWD       =C:\D\Mycode\Jmeter_DataDriven_Framework\bin 
2016/08/11 15:18:54 INFO  - jmeter.JMeter: IP: 10.40.222.93 Name: INC-HD8GQ12 FullName: INC-HD8GQ12.eu.trimblecorp.net 
2016/08/11 15:18:54 INFO  - jmeter.gui.action.LookAndFeelCommand: Using look and feel: javax.swing.plaf.metal.MetalLookAndFeel [Metal, CrossPlatform] 
2016/08/11 15:18:54 INFO  - jmeter.JMeter: Loaded icon properties from org/apache/jmeter/images/icon.properties 
2016/08/11 15:18:56 INFO  - jmeter.engine.util.CompoundVariable: Note: Function class names must contain the string: '.functions.' 
2016/08/11 15:18:56 INFO  - jmeter.engine.util.CompoundVariable: Note: Function class names must not contain the string: '.gui.' 
2016/08/11 15:18:56 INFO  - jmeter.gui.util.MenuFactory: Skipping kg.apc.jmeter.config.VariablesFromCSVFile 
2016/08/11 15:18:57 INFO  - jmeter.util.BSFTestElement: Registering JMeter version of JavaScript engine as work-round for BSF-22 
2016/08/11 15:18:57 INFO  - jmeter.protocol.http.sampler.HTTPSamplerBase: Parser for text/html is org.apache.jmeter.protocol.http.parser.LagartoBasedHtmlParser 
2016/08/11 15:18:57 INFO  - jmeter.protocol.http.sampler.HTTPSamplerBase: Parser for application/xhtml+xml is org.apache.jmeter.protocol.http.parser.LagartoBasedHtmlParser 
2016/08/11 15:18:57 INFO  - jmeter.protocol.http.sampler.HTTPSamplerBase: Parser for application/xml is org.apache.jmeter.protocol.http.parser.LagartoBasedHtmlParser 
2016/08/11 15:18:57 INFO  - jmeter.protocol.http.sampler.HTTPSamplerBase: Parser for text/xml is org.apache.jmeter.protocol.http.parser.LagartoBasedHtmlParser 
2016/08/11 15:18:57 INFO  - jmeter.protocol.http.sampler.HTTPSamplerBase: Parser for text/vnd.wap.wml is org.apache.jmeter.protocol.http.parser.RegexpHTMLParser 
2016/08/11 15:18:57 INFO  - jmeter.protocol.http.sampler.HTTPSamplerBase: Parser for text/css is org.apache.jmeter.protocol.http.parser.CssParser 
2016/08/11 15:18:58 INFO  - jorphan.exec.KeyToolUtils: keytool found at 'keytool' 
2016/08/11 15:18:58 INFO  - jmeter.protocol.http.proxy.ProxyControl: HTTP(S) Test Script Recorder SSL Proxy will use keys that support embedded 3rd party resources in file C:\D\Mycode\Jmeter_DataDriven_Framework\bin\proxyserver.jks 
2016/08/11 15:18:58 INFO  - jmeter.gui.util.MenuFactory: Skipping org.apache.jmeter.protocol.mongodb.config.MongoSourceElement 
2016/08/11 15:18:58 INFO  - jmeter.gui.util.MenuFactory: Skipping org.apache.jmeter.protocol.mongodb.sampler.MongoScriptSampler 
2016/08/11 15:18:59 INFO  - jmeter.gui.util.MenuFactory: Skipping org.apache.jmeter.visualizers.DistributionGraphVisualizer 
2016/08/11 15:18:59 INFO  - jmeter.samplers.SampleResult: Note: Sample TimeStamps are START times 
2016/08/11 15:18:59 INFO  - jmeter.samplers.SampleResult: sampleresult.default.encoding is set to ISO-8859-1 
2016/08/11 15:18:59 INFO  - jmeter.samplers.SampleResult: sampleresult.useNanoTime=true 
2016/08/11 15:18:59 INFO  - jmeter.samplers.SampleResult: sampleresult.nanoThreadSleep=5000 
2016/08/11 15:18:59 INFO  - jmeter.gui.util.MenuFactory: Skipping org.apache.jmeter.visualizers.SplineVisualizer 
2016/08/11 15:19:02 INFO  - jmeter.services.FileServer: Default base='C:\D\Mycode\Jmeter_DataDriven_Framework\bin' 
2016/08/11 15:19:02 INFO  - jmeter.gui.action.Load: Loading file: C:\D\Mycode\Jmeter_DataDriven_Framework\com\proj\testsuite\Google_search.jmx 
2016/08/11 15:19:02 INFO  - jmeter.services.FileServer: Set new base='C:\D\Mycode\Jmeter_DataDriven_Framework\com\proj\testsuite' 
2016/08/11 15:19:03 INFO  - jmeter.save.SaveService: Testplan (JMX) version: 2.2. Testlog (JTL) version: 2.2 
2016/08/11 15:19:03 INFO  - jmeter.save.SaveService: Using SaveService properties file encoding UTF-8 
2016/08/11 15:19:03 INFO  - jmeter.save.SaveService: Using SaveService properties version 2.9 
2016/08/11 15:19:03 INFO  - jmeter.save.SaveService: All converter versions present and correct 
2016/08/11 15:19:03 INFO  - jmeter.save.SaveService: Loading file: C:\D\Mycode\Jmeter_DataDriven_Framework\com\proj\testsuite\Google_search.jmx 
2016/08/11 15:19:03 INFO  - jmeter.util.NameUpdater: Processing jar:file:/C:/D/Mycode/Jmeter_DataDriven_Framework/lib/ext/JMeterPlugins.jar!/META-INF/resources/org.apache.jmeter.nameupdater.properties 
2016/08/11 15:19:03 INFO  - jmeter.util.NameUpdater: Added additional nameMap entry: kg.apc.jmeter.vizualizers.TotalTransactionsPerSecondGui 
2016/08/11 15:19:03 INFO  - jmeter.protocol.http.control.CookieManager: Settings: Delete null: true Check: true Allow variable: true Save: false Prefix: COOKIE_ 
2016/08/11 15:19:03 INFO  - jmeter.protocol.http.control.CacheManager: Will only cache the following methods: [GET] 
2016/08/11 15:19:03 INFO  - jmeter.services.FileServer: Set new base='C:\D\Mycode\Jmeter_DataDriven_Framework\com\proj\testsuite' 
2016/08/11 15:19:05 INFO  - jmeter.engine.StandardJMeterEngine: Running the test! 
2016/08/11 15:19:05 INFO  - jmeter.samplers.SampleEvent: List of sample_variables: [] 
2016/08/11 15:19:05 INFO  - jmeter.samplers.SampleEvent: List of sample_variables: [] 
2016/08/11 15:19:06 INFO  - jmeter.gui.util.JMeterMenuBar: setRunning(true,*local*) 
2016/08/11 15:19:06 INFO  - jmeter.engine.StandardJMeterEngine: Starting ThreadGroup: 1 : Search jmeter tutorials 
2016/08/11 15:19:06 INFO  - jmeter.engine.StandardJMeterEngine: Starting 1 threads for group Search jmeter tutorials. 
2016/08/11 15:19:06 INFO  - jmeter.engine.StandardJMeterEngine: Thread will continue on error 
2016/08/11 15:19:06 INFO  - jmeter.threads.ThreadGroup: Starting thread group number 1 threads 1 ramp-up 1 perThread 1000.0 delayedStart=false 
2016/08/11 15:19:06 INFO  - jmeter.threads.ThreadGroup: Started thread group number 1 
2016/08/11 15:19:06 INFO  - jmeter.engine.StandardJMeterEngine: All thread groups have been started 
2016/08/11 15:19:06 INFO  - jmeter.threads.JMeterThread: Thread started: Search jmeter tutorials 1-1 
2016/08/11 15:19:06 INFO  - jmeter.protocol.http.sampler.HTTPHCAbstractImpl: Local host = INC-HD8GQ12 
2016/08/11 15:19:06 INFO  - jmeter.protocol.http.sampler.HTTPHC4Impl: HTTP request retry count = 0 
2016/08/11 15:19:06 INFO  - jmeter.protocol.http.sampler.LazySchemeSocketFactory: Setting up HTTPS TrustAll Socket Factory 
2016/08/11 15:19:06 INFO  - jmeter.util.JsseSSLManager: Using default SSL protocol: TLS 
2016/08/11 15:19:06 INFO  - jmeter.util.JsseSSLManager: SSL session context: per-thread 
2016/08/11 15:19:07 INFO  - jmeter.util.SSLManager: JmeterKeyStore Location:  type JKS 
2016/08/11 15:19:07 INFO  - jmeter.util.SSLManager: KeyStore created OK 
2016/08/11 15:19:07 WARN  - jmeter.util.SSLManager: Keystore file not found, loading empty keystore 
2016/08/11 15:19:09 INFO  - jmeter.threads.JMeterThread: Thread is done: Search jmeter tutorials 1-1 
2016/08/11 15:19:09 INFO  - jmeter.threads.JMeterThread: Thread finished: Search jmeter tutorials 1-1 
2016/08/11 15:19:09 INFO  - jmeter.engine.StandardJMeterEngine: Notifying test listeners of end of test 
2016/08/11 15:19:09 INFO  - jmeter.gui.util.JMeterMenuBar: setRunning(false,*local*) 
